[debug] [2023-11-26T16:09:17.555Z] ----------------------------------------------------------------------
[debug] [2023-11-26T16:09:17.558Z] Command:       C:\Program Files\nodejs\node.exe C:\Users\rsu\AppData\Roaming\npm\node_modules\firebase-tools\lib\bin\firebase.js deploy
[debug] [2023-11-26T16:09:17.558Z] CLI Version:   12.9.1
[debug] [2023-11-26T16:09:17.558Z] Platform:      win32
[debug] [2023-11-26T16:09:17.558Z] Node Version:  v16.14.2
[debug] [2023-11-26T16:09:17.559Z] Time:          Sun Nov 26 2023 17:09:17 GMT+0100 (Central European Standard Time)
[debug] [2023-11-26T16:09:17.559Z] ----------------------------------------------------------------------
[debug] 
[debug] [2023-11-26T16:09:17.566Z] >>> [apiv2][query] GET https://firebase-public.firebaseio.com/cli.json [none]
[debug] [2023-11-26T16:09:17.644Z] > command requires scopes: ["email","openid","https://www.googleapis.com/auth/cloudplatformprojects.readonly","https://www.googleapis.com/auth/firebase","https://www.googleapis.com/auth/cloud-platform"]
[debug] [2023-11-26T16:09:17.645Z] > authorizing via signed-in user (suslikrolf@gmail.com)
[debug] [2023-11-26T16:09:17.645Z] [iam] checking project christmas-advent-calenda-f1378 for permissions ["firebase.projects.get","firebasehosting.sites.update"]
[debug] [2023-11-26T16:09:17.646Z] > refreshing access token with scopes: []
[debug] [2023-11-26T16:09:17.647Z] >>> [apiv2][query] POST https://www.googleapis.com/oauth2/v3/token [none]
[debug] [2023-11-26T16:09:17.647Z] >>> [apiv2][body] POST https://www.googleapis.com/oauth2/v3/token [omitted]
[debug] [2023-11-26T16:09:17.807Z] <<< [apiv2][status] POST https://www.googleapis.com/oauth2/v3/token 200
[debug] [2023-11-26T16:09:17.808Z] <<< [apiv2][body] POST https://www.googleapis.com/oauth2/v3/token [omitted]
[debug] [2023-11-26T16:09:17.819Z] >>> [apiv2][query] POST https://cloudresourcemanager.googleapis.com/v1/projects/christmas-advent-calenda-f1378:testIamPermissions [none]
[debug] [2023-11-26T16:09:17.819Z] >>> [apiv2][(partial)header] POST https://cloudresourcemanager.googleapis.com/v1/projects/christmas-advent-calenda-f1378:testIamPermissions x-goog-quota-user=projects/christmas-advent-calenda-f1378
[debug] [2023-11-26T16:09:17.819Z] >>> [apiv2][body] POST https://cloudresourcemanager.googleapis.com/v1/projects/christmas-advent-calenda-f1378:testIamPermissions {"permissions":["firebase.projects.get","firebasehosting.sites.update"]}
[debug] [2023-11-26T16:09:17.974Z] <<< [apiv2][status] GET https://firebase-public.firebaseio.com/cli.json 200
[debug] [2023-11-26T16:09:17.975Z] <<< [apiv2][body] GET https://firebase-public.firebaseio.com/cli.json {"cloudBuildErrorAfter":1594252800000,"cloudBuildWarnAfter":1590019200000,"defaultNode10After":1594252800000,"minVersion":"3.0.5","node8DeploysDisabledAfter":1613390400000,"node8RuntimeDisabledAfter":1615809600000,"node8WarnAfter":1600128000000}
[debug] [2023-11-26T16:09:18.604Z] <<< [apiv2][status] POST https://cloudresourcemanager.googleapis.com/v1/projects/christmas-advent-calenda-f1378:testIamPermissions 200
[debug] [2023-11-26T16:09:18.605Z] <<< [apiv2][body] POST https://cloudresourcemanager.googleapis.com/v1/projects/christmas-advent-calenda-f1378:testIamPermissions {"permissions":["firebase.projects.get","firebasehosting.sites.update"]}
[debug] [2023-11-26T16:09:18.605Z] >>> [apiv2][query] GET https://firebase.googleapis.com/v1beta1/projects/christmas-advent-calenda-f1378 [none]
[debug] [2023-11-26T16:09:18.905Z] <<< [apiv2][status] GET https://firebase.googleapis.com/v1beta1/projects/christmas-advent-calenda-f1378 200
[debug] [2023-11-26T16:09:18.905Z] <<< [apiv2][body] GET https://firebase.googleapis.com/v1beta1/projects/christmas-advent-calenda-f1378 {"projectId":"christmas-advent-calenda-f1378","projectNumber":"495392923683","displayName":"Christmas Advent Calendar","name":"projects/christmas-advent-calenda-f1378","resources":{"hostingSite":"christmas-advent-calenda-f1378","realtimeDatabaseInstance":"christmas-advent-calenda-f1378-default-rtdb"},"state":"ACTIVE","etag":"1_6d896f1d-5e47-49bd-bf57-39cbc20b5497"}
[debug] [2023-11-26T16:09:22.339Z] >>> [apiv2][query] GET https://firebasehosting.googleapis.com/v1beta1/projects/christmas-advent-calenda-f1378/sites pageToken=&pageSize=10
[debug] [2023-11-26T16:09:23.640Z] <<< [apiv2][status] GET https://firebasehosting.googleapis.com/v1beta1/projects/christmas-advent-calenda-f1378/sites 200
[debug] [2023-11-26T16:09:23.640Z] <<< [apiv2][body] GET https://firebasehosting.googleapis.com/v1beta1/projects/christmas-advent-calenda-f1378/sites {"sites":[{"name":"projects/christmas-advent-calenda-f1378/sites/christmas-advent-calenda-f1378","defaultUrl":"https://christmas-advent-calenda-f1378.web.app","appId":"1:495392923683:web:a7388e9fecc730f0199196","type":"DEFAULT_SITE"}]}
[debug] [2023-11-26T16:09:23.640Z] >>> [apiv2][query] GET https://firebase.googleapis.com/v1beta1/projects/-/webApps/1:495392923683:web:a7388e9fecc730f0199196/config [none]
[debug] [2023-11-26T16:09:24.285Z] <<< [apiv2][status] GET https://firebase.googleapis.com/v1beta1/projects/-/webApps/1:495392923683:web:a7388e9fecc730f0199196/config 200
[debug] [2023-11-26T16:09:24.285Z] <<< [apiv2][body] GET https://firebase.googleapis.com/v1beta1/projects/-/webApps/1:495392923683:web:a7388e9fecc730f0199196/config {"projectId":"christmas-advent-calenda-f1378","appId":"1:495392923683:web:a7388e9fecc730f0199196","databaseURL":"https://christmas-advent-calenda-f1378-default-rtdb.europe-west1.firebasedatabase.app","storageBucket":"christmas-advent-calenda-f1378.appspot.com","apiKey":"AIzaSyB2M1YUEelkG0ddVxLY-JpyJ_BGuycmKBA","authDomain":"christmas-advent-calenda-f1378.firebaseapp.com","messagingSenderId":"495392923683"}
[info] 
   Thank you for trying our early preview of Next.js support on Firebase Hosting.
   During the preview, support is best-effort and breaking changes can be expected. Proceed with caution.

   Documentation: https://firebase.google.com/docs/hosting/frameworks/nextjs
   File a bug: https://github.com/firebase/firebase-tools/issues/new?template=bug_report.md
   Submit a feature request: https://github.com/firebase/firebase-tools/issues/new?template=feature_request.md

   We'd love to learn from you. Express your interest in helping us shape the future of Firebase Hosting: https://goo.gle/41enW5X

[info] - info Loaded env from C:\Users\rsu\Code\privat\adventskalender\QuizAdventCalendar\.env.local

[info] - info Creating an optimized production build...

[info] - info Compiled successfully

[info] - info Linting and checking validity of types...

[info] Failed to compile.


[info] ./src/app/components/DBConnector.ts:44:23
Type error: Argument of type 'DocumentData' is not assignable to parameter of type 'PlayerName'.
  Type 'DocumentData' is missing the following properties from type 'PlayerName': id, name

  42 |     querySnapshot.forEach((doc) => {
  43 |         // doc.data() is never undefined for query doc snapshots
> 44 |         allNames.push(doc.data());
     |                       ^
  45 |     });
  46 |     return allNames;
  47 | }

[debug] [2023-11-26T16:09:53.097Z] Error: ENOENT: no such file or directory, open 'C:\Users\rsu\Code\privat\adventskalender\QuizAdventCalendar\.next\export-marker.json'
[error] 
[error] Error: An unexpected error has occurred.
